<?xml version="1.0" encoding="UTF-8"?>
<!-- Generated by org.testng.reporters.JUnitXMLReporter -->
<testsuite ignored="0" hostname="LAPTOP-8O3S0JOC" failures="1" tests="1" name="DepositTests" time="8.872" errors="0" timestamp="2024-01-20T16:32:19 IST">
  <testcase classname="io.cucumber.testng.AbstractTestNGCucumberTests" name="runScenario" time="8.12">
    <failure type="java.lang.NullPointerException" message="Cannot invoke &amp;quot;pages.Withdraw_from_Account_Page.navigateToURL(String)&amp;quot; because &amp;quot;this.Withdraw_Method&amp;quot; is null">
      <![CDATA[java.lang.NullPointerException: Cannot invoke "pages.Withdraw_from_Account_Page.navigateToURL(String)" because "this.Withdraw_Method" is null
at stepDefinitions.Withdraw_step_def.user_navigates_to_the_url(Withdraw_step_def.java:47)
at ✽.User navigates to the URL(file:///C:/Users/chozha/Sl_SeleniumDemo_workspace/RLL_Withdraw/src/test/java/feature/withdraw.feature:6)
]]>
    </failure>
  </testcase> <!-- runScenario -->
</testsuite> <!-- DepositTests -->
