<?xml version="1.0" encoding="UTF-8"?>
<testng-results ignored="0" total="1" passed="1" failed="0" skipped="0">
  <reporter-output>
  </reporter-output>
  <suite started-at="2024-01-20T22:48:03 IST" name="Default suite" finished-at="2024-01-20T22:48:42 IST" duration-ms="38663">
    <groups>
    </groups>
    <test started-at="2024-01-20T22:48:03 IST" name="Default test" finished-at="2024-01-20T22:48:42 IST" duration-ms="38663">
      <class name="tests.Withdraw_from_Account_Test">
        <test-method is-config="true" signature="getBrowser()[pri:0, instance:tests.Withdraw_from_Account_Test@2320fa6f]" started-at="2024-01-20T22:48:03 IST" name="getBrowser" finished-at="2024-01-20T22:48:09 IST" duration-ms="6468" status="PASS">
          <reporter-output>
          </reporter-output>
        </test-method> <!-- getBrowser -->
        <test-method is-config="true" signature="setup()[pri:0, instance:tests.Withdraw_from_Account_Test@2320fa6f]" started-at="2024-01-20T22:48:09 IST" name="setup" finished-at="2024-01-20T22:48:09 IST" duration-ms="17" status="PASS">
          <reporter-output>
          </reporter-output>
        </test-method> <!-- setup -->
        <test-method signature="testdeposite()[pri:0, instance:tests.Withdraw_from_Account_Test@2320fa6f]" started-at="2024-01-20T22:48:09 IST" name="testdeposite" finished-at="2024-01-20T22:48:42 IST" duration-ms="32156" status="PASS">
          <reporter-output>
          </reporter-output>
        </test-method> <!-- testdeposite -->
      </class> <!-- tests.Withdraw_from_Account_Test -->
    </test> <!-- Default test -->
  </suite> <!-- Default suite -->
</testng-results>
